2014-06-27T04:53:27+00:00 INFO (6): === Start Processing IPN Data ===
Array
(
    [mc_gross] => 15.00
    [protection_eligibility] => Eligible
    [address_status] => confirmed
    [payer_id] => TPZ2PJE8JQ8LQ
    [tax] => 0.00
    [address_street] => 1 Main St
    [payment_date] => 21:53:22 Jun 26, 2014 PDT
    [payment_status] => Pending
    [charset] => windows-1252
    [address_zip] => 95131
    [first_name] => Chips
    [address_country_code] => US
    [address_name] => Chips Vien
    [notify_version] => 3.8
    [custom] => 3
    [payer_status] => verified
    [business] => tristan.abaki@gmail.com
    [address_country] => United States
    [address_city] => San Jose
    [quantity] => 1
    [verify_sign] => AjNG4H.j9XP5JDmRSY54-UnKMFtBAZO6QI0J43dTklliMGypg3vUIKbe
    [payer_email] => demon_player@gmail.com
    [txn_id] => 8DB36247ES262734K
    [payment_type] => instant
    [last_name] => Vien
    [address_state] => CA
    [receiver_email] => tristan.abaki@gmail.com
    [receiver_id] => NQH9SSHB2MTAQ
    [pending_reason] => multi_currency
    [txn_type] => web_accept
    [item_name] => Oh Yeah! resume with Standard CV Profile package
    [mc_currency] => AUD
    [item_number] => resume_15
    [residence_country] => US
    [test_ipn] => 1
    [handling_amount] => 0.00
    [transaction_subject] => 3
    [payment_gross] => 
    [shipping] => 0.00
    [ipn_track_id] => a7c0854ecf7ac
)

2014-06-27T04:53:29+00:00 WARN (4): Invalid IPN Data
2014-06-27T05:03:56+00:00 INFO (6): === Start Processing IPN Data ===
Array
(
    [mc_gross] => 15.00
    [protection_eligibility] => Eligible
    [address_status] => confirmed
    [payer_id] => TPZ2PJE8JQ8LQ
    [tax] => 0.00
    [address_street] => 1 Main St
    [payment_date] => 22:03:52 Jun 26, 2014 PDT
    [payment_status] => Pending
    [charset] => windows-1252
    [address_zip] => 95131
    [first_name] => Chips
    [address_country_code] => US
    [address_name] => Chips Vien
    [notify_version] => 3.8
    [custom] => 3
    [payer_status] => verified
    [business] => tristan.abaki@gmail.com
    [address_country] => United States
    [address_city] => San Jose
    [quantity] => 1
    [verify_sign] => AFd.erwt7VoeoUMr85yut0RloHozASte47ijWknvu0ONeoNvDv-LAgwk
    [payer_email] => demon_player@gmail.com
    [txn_id] => 104424511E970851U
    [payment_type] => instant
    [last_name] => Vien
    [address_state] => CA
    [receiver_email] => tristan.abaki@gmail.com
    [receiver_id] => NQH9SSHB2MTAQ
    [pending_reason] => multi_currency
    [txn_type] => web_accept
    [item_name] => Oh Yeah! resume with Standard CV Profile package
    [mc_currency] => AUD
    [item_number] => resume_15
    [residence_country] => US
    [test_ipn] => 1
    [handling_amount] => 0.00
    [transaction_subject] => 3
    [payment_gross] => 
    [shipping] => 0.00
    [ipn_track_id] => 747c1f5b4d0d9
)

2014-06-27T05:03:58+00:00 WARN (4): Invalid IPN Data
2014-06-27T07:32:43+00:00 INFO (6): === Start Processing IPN Data ===
Array
(
    [mc_gross] => 15.00
    [protection_eligibility] => Eligible
    [address_status] => confirmed
    [payer_id] => TPZ2PJE8JQ8LQ
    [tax] => 0.00
    [address_street] => 1 Main St
    [payment_date] => 00:32:36 Jun 27, 2014 PDT
    [payment_status] => Pending
    [charset] => windows-1252
    [address_zip] => 95131
    [first_name] => Chips
    [address_country_code] => US
    [address_name] => Chips Vien
    [notify_version] => 3.8
    [custom] => 3
    [payer_status] => verified
    [business] => tristan.abaki@gmail.com
    [address_country] => United States
    [address_city] => San Jose
    [quantity] => 1
    [verify_sign] => ArgX1JoEl.LNTJ5nkTmgzkfLaDiVAHmdlTo1rrAJJPJ6TfJ5pCpl6jX3
    [payer_email] => demon_player@gmail.com
    [txn_id] => 1RX49753NV734693E
    [payment_type] => instant
    [last_name] => Vien
    [address_state] => CA
    [receiver_email] => tristan.abaki@gmail.com
    [receiver_id] => NQH9SSHB2MTAQ
    [pending_reason] => multi_currency
    [txn_type] => web_accept
    [item_name] => Oh Yeah! resume with Standard CV Profile package
    [mc_currency] => AUD
    [item_number] => resume_15
    [residence_country] => US
    [test_ipn] => 1
    [handling_amount] => 0.00
    [transaction_subject] => 3
    [payment_gross] => 
    [shipping] => 0.00
    [ipn_track_id] => 7eb03b3f7696
)

2014-06-27T07:32:44+00:00 WARN (4): Invalid IPN Data
2014-06-27T07:48:12+00:00 INFO (6): === Start Processing IPN Data ===
Array
(
    [mc_gross] => 15.00
    [protection_eligibility] => Eligible
    [address_status] => unconfirmed
    [payer_id] => B9DTR2QMPKPDA
    [tax] => 0.00
    [address_street] => 1 Cheeseman Ave - East
    [payment_date] => 00:48:09 Jun 27, 2014 PDT
    [payment_status] => Pending
    [charset] => windows-1252
    [address_zip] => 3001
    [first_name] => GaChips
    [address_country_code] => AU
    [address_name] => GaChips Vien
    [notify_version] => 3.8
    [custom] => 3
    [payer_status] => verified
    [business] => tristan.abaki@gmail.com
    [address_country] => Australia
    [address_city] => Melbourne
    [quantity] => 1
    [verify_sign] => Ai1PaghZh5FmBLCDCTQpwG8jB264AO72XOq7R9OYdHSzf3EI8EGELMuL
    [payer_email] => chips@gmail.com
    [txn_id] => 2YL91944Y6945760W
    [payment_type] => instant
    [last_name] => Vien
    [address_state] => Victoria
    [receiver_email] => tristan.abaki@gmail.com
    [receiver_id] => NQH9SSHB2MTAQ
    [pending_reason] => multi_currency
    [txn_type] => web_accept
    [item_name] => Oh Yeah! resume with Standard CV Profile package
    [mc_currency] => AUD
    [item_number] => resume_15
    [residence_country] => AU
    [test_ipn] => 1
    [handling_amount] => 0.00
    [transaction_subject] => 3
    [payment_gross] => 
    [shipping] => 0.00
    [ipn_track_id] => 951ef28b7b660
)

2014-06-27T07:48:14+00:00 WARN (4): Invalid IPN Data
2014-06-27T08:01:39+00:00 INFO (6): === Start Processing IPN Data ===
Array
(
    [mc_gross] => 15.00
    [protection_eligibility] => Eligible
    [address_status] => unconfirmed
    [payer_id] => B9DTR2QMPKPDA
    [tax] => 0.00
    [address_street] => 1 Cheeseman Ave - East
    [payment_date] => 00:48:09 Jun 27, 2014 PDT
    [payment_status] => Completed
    [charset] => windows-1252
    [address_zip] => 3001
    [first_name] => GaChips
    [mc_fee] => 0.89
    [address_country_code] => AU
    [address_name] => GaChips Vien
    [notify_version] => 3.8
    [custom] => 3
    [payer_status] => verified
    [business] => tristan.abaki@gmail.com
    [address_country] => Australia
    [address_city] => Melbourne
    [quantity] => 1
    [verify_sign] => Aj.rCFupK1UW8kkuUjxe59LcaNsjA1FZx6YJA18lYmzRBt.eqOc0tHqm
    [payer_email] => chips@gmail.com
    [txn_id] => 2YL91944Y6945760W
    [payment_type] => instant
    [last_name] => Vien
    [address_state] => Victoria
    [receiver_email] => tristan.abaki@gmail.com
    [payment_fee] => 
    [receiver_id] => NQH9SSHB2MTAQ
    [txn_type] => web_accept
    [item_name] => Oh Yeah! resume with Standard CV Profile package
    [mc_currency] => AUD
    [item_number] => resume_15
    [residence_country] => AU
    [test_ipn] => 1
    [handling_amount] => 0.00
    [transaction_subject] => 3
    [payment_gross] => 
    [shipping] => 0.00
    [ipn_track_id] => b5330fbd4380b
)

2014-06-27T08:01:39+00:00 INFO (6): === Start Processing IPN Data ===
Array
(
    [mc_gross] => 15.00
    [protection_eligibility] => Eligible
    [address_status] => confirmed
    [payer_id] => TPZ2PJE8JQ8LQ
    [tax] => 0.00
    [address_street] => 1 Main St
    [payment_date] => 22:03:52 Jun 26, 2014 PDT
    [payment_status] => Completed
    [charset] => windows-1252
    [address_zip] => 95131
    [first_name] => Chips
    [mc_fee] => 0.74
    [address_country_code] => US
    [address_name] => Chips Vien
    [notify_version] => 3.8
    [custom] => 3
    [payer_status] => verified
    [business] => tristan.abaki@gmail.com
    [address_country] => United States
    [address_city] => San Jose
    [quantity] => 1
    [verify_sign] => A-X91d6dvj07IIDTUn5hM8p8w8LxAhokwIrbhHtw41y0QfVePfYJhH6H
    [payer_email] => delete-TPZ2PJE8JQ8LQ_136327@sandbox.paypal.com
    [txn_id] => 104424511E970851U
    [payment_type] => instant
    [last_name] => Vien
    [address_state] => CA
    [receiver_email] => tristan.abaki@gmail.com
    [payment_fee] => 
    [receiver_id] => NQH9SSHB2MTAQ
    [txn_type] => web_accept
    [item_name] => Oh Yeah! resume with Standard CV Profile package
    [mc_currency] => AUD
    [item_number] => resume_15
    [residence_country] => US
    [test_ipn] => 1
    [handling_amount] => 0.00
    [transaction_subject] => 3
    [payment_gross] => 
    [shipping] => 0.00
    [ipn_track_id] => b5330fbd4380b
)

2014-06-27T08:01:39+00:00 INFO (6): === Start Processing IPN Data ===
Array
(
    [mc_gross] => 15.00
    [protection_eligibility] => Eligible
    [address_status] => confirmed
    [payer_id] => TPZ2PJE8JQ8LQ
    [tax] => 0.00
    [address_street] => 1 Main St
    [payment_date] => 00:32:36 Jun 27, 2014 PDT
    [payment_status] => Completed
    [charset] => windows-1252
    [address_zip] => 95131
    [first_name] => Chips
    [mc_fee] => 0.74
    [address_country_code] => US
    [address_name] => Chips Vien
    [notify_version] => 3.8
    [custom] => 3
    [payer_status] => verified
    [business] => tristan.abaki@gmail.com
    [address_country] => United States
    [address_city] => San Jose
    [quantity] => 1
    [verify_sign] => Agvo6..302dNn6xS6bIzJdaQQfJ7AqERW7geKHunHddLp4hd6PPW2m6u
    [payer_email] => delete-TPZ2PJE8JQ8LQ_136327@sandbox.paypal.com
    [txn_id] => 1RX49753NV734693E
    [payment_type] => instant
    [last_name] => Vien
    [address_state] => CA
    [receiver_email] => tristan.abaki@gmail.com
    [payment_fee] => 
    [receiver_id] => NQH9SSHB2MTAQ
    [txn_type] => web_accept
    [item_name] => Oh Yeah! resume with Standard CV Profile package
    [mc_currency] => AUD
    [item_number] => resume_15
    [residence_country] => US
    [test_ipn] => 1
    [handling_amount] => 0.00
    [transaction_subject] => 3
    [payment_gross] => 
    [shipping] => 0.00
    [ipn_track_id] => b5330fbd4380b
)

2014-06-27T08:01:39+00:00 INFO (6): === Start Processing IPN Data ===
Array
(
    [mc_gross] => 15.00
    [protection_eligibility] => Eligible
    [address_status] => confirmed
    [payer_id] => TPZ2PJE8JQ8LQ
    [tax] => 0.00
    [address_street] => 1 Main St
    [payment_date] => 21:53:22 Jun 26, 2014 PDT
    [payment_status] => Completed
    [charset] => windows-1252
    [address_zip] => 95131
    [first_name] => Chips
    [mc_fee] => 0.74
    [address_country_code] => US
    [address_name] => Chips Vien
    [notify_version] => 3.8
    [custom] => 3
    [payer_status] => verified
    [business] => tristan.abaki@gmail.com
    [address_country] => United States
    [address_city] => San Jose
    [quantity] => 1
    [verify_sign] => AoD7jiZq5oH-vVhLtOiv2Se7-ZiLADWMdJPb8o1KCHrR2sbg8b7.cRZj
    [payer_email] => delete-TPZ2PJE8JQ8LQ_136327@sandbox.paypal.com
    [txn_id] => 8DB36247ES262734K
    [payment_type] => instant
    [last_name] => Vien
    [address_state] => CA
    [receiver_email] => tristan.abaki@gmail.com
    [payment_fee] => 
    [receiver_id] => NQH9SSHB2MTAQ
    [txn_type] => web_accept
    [item_name] => Oh Yeah! resume with Standard CV Profile package
    [mc_currency] => AUD
    [item_number] => resume_15
    [residence_country] => US
    [test_ipn] => 1
    [handling_amount] => 0.00
    [transaction_subject] => 3
    [payment_gross] => 
    [shipping] => 0.00
    [ipn_track_id] => b5330fbd4380b
)

2014-06-27T08:01:40+00:00 WARN (4): Invalid IPN Data
2014-06-27T08:01:40+00:00 WARN (4): Invalid IPN Data
2014-06-27T08:01:40+00:00 WARN (4): Invalid IPN Data
2014-06-27T08:01:40+00:00 WARN (4): Invalid IPN Data
2014-06-27T08:06:09+00:00 INFO (6): === Start Processing IPN Data ===
Array
(
    [mc_gross] => 15.00
    [protection_eligibility] => Eligible
    [address_status] => unconfirmed
    [payer_id] => B9DTR2QMPKPDA
    [tax] => 0.00
    [address_street] => 1 Cheeseman Ave - East
    [payment_date] => 01:06:02 Jun 27, 2014 PDT
    [payment_status] => Completed
    [charset] => windows-1252
    [address_zip] => 3001
    [first_name] => GaChips
    [mc_fee] => 0.89
    [address_country_code] => AU
    [address_name] => GaChips Vien
    [notify_version] => 3.8
    [custom] => 3
    [payer_status] => verified
    [business] => tristan.abaki@gmail.com
    [address_country] => Australia
    [address_city] => Melbourne
    [quantity] => 1
    [verify_sign] => A0fpSgBsJHtiV2YgLp8lD9WXCmiDApGwcPZTxKiETPF48tYDiOpGOFv.
    [payer_email] => chips@gmail.com
    [txn_id] => 7VT58119651273134
    [payment_type] => instant
    [last_name] => Vien
    [address_state] => Victoria
    [receiver_email] => tristan.abaki@gmail.com
    [payment_fee] => 
    [receiver_id] => NQH9SSHB2MTAQ
    [txn_type] => web_accept
    [item_name] => Oh Yeah! resume with Standard CV Profile package
    [mc_currency] => AUD
    [item_number] => resume_15
    [residence_country] => AU
    [test_ipn] => 1
    [handling_amount] => 0.00
    [transaction_subject] => 3
    [payment_gross] => 
    [shipping] => 0.00
    [ipn_track_id] => 8829f66e31710
)

2014-06-27T08:06:10+00:00 WARN (4): Invalid IPN Data
2014-06-27T08:22:32+00:00 INFO (6): === Start Processing IPN Data ===
Array
(
    [mc_gross] => 15.00
    [protection_eligibility] => Eligible
    [address_status] => unconfirmed
    [payer_id] => B9DTR2QMPKPDA
    [tax] => 0.00
    [address_street] => 1 Cheeseman Ave - East
    [payment_date] => 01:22:28 Jun 27, 2014 PDT
    [payment_status] => Completed
    [charset] => windows-1252
    [address_zip] => 3001
    [first_name] => GaChips
    [mc_fee] => 0.89
    [address_country_code] => AU
    [address_name] => GaChips Vien
    [notify_version] => 3.8
    [custom] => 3
    [payer_status] => verified
    [business] => tristan.abaki@gmail.com
    [address_country] => Australia
    [address_city] => Melbourne
    [quantity] => 1
    [verify_sign] => A9Nn.fxtMXsdN.fswm3EwL8T5ws-Aq9keBnXXfrkdFViUQP0k8EyEJKO
    [payer_email] => chips@gmail.com
    [txn_id] => 1FF444263A292482M
    [payment_type] => instant
    [last_name] => Vien
    [address_state] => Victoria
    [receiver_email] => tristan.abaki@gmail.com
    [payment_fee] => 
    [receiver_id] => NQH9SSHB2MTAQ
    [txn_type] => web_accept
    [item_name] => Oh Yeah! resume with Standard CV Profile package
    [mc_currency] => AUD
    [item_number] => resume_15
    [residence_country] => AU
    [test_ipn] => 1
    [handling_amount] => 0.00
    [transaction_subject] => 3
    [payment_gross] => 
    [shipping] => 0.00
    [ipn_track_id] => 9eec6f77f0437
)

2014-06-27T08:22:33+00:00 WARN (4): Invalid IPN Data
2014-06-27T08:51:41+00:00 INFO (6): === Start Processing IPN Data ===
Array
(
    [residence_country] => US
    [invoice] => abc1234
    [address_city] => San Jose
    [first_name] => John
    [payer_id] => TESTBUYERID01
    [shipping] => 3.04
    [mc_fee] => 0.44
    [txn_id] => 832994030
    [receiver_email] => seller@paypalsandbox.com
    [quantity] => 1
    [custom] => xyz123
    [payment_date] => 01:51:05 27 Jun 2014 PDT
    [address_country_code] => US
    [address_zip] => 95131
    [tax] => 2.02
    [item_name] => something
    [address_name] => John Smith
    [last_name] => Smith
    [receiver_id] => seller@paypalsandbox.com
    [item_number] => AK-1234
    [verify_sign] => AZViw0CIrXDi.9508IsHhgF4LONkA9i3LwXFFNaaaYEfQpxhKrnCIalc
    [address_country] => United States
    [payment_status] => Completed
    [address_status] => confirmed
    [business] => seller@paypalsandbox.com
    [payer_email] => buyer@paypalsandbox.com
    [notify_version] => 2.1
    [txn_type] => web_accept
    [test_ipn] => 1
    [payer_status] => verified
    [mc_currency] => USD
    [mc_gross] => 12.34
    [address_state] => CA
    [mc_gross1] => 9.34
    [payment_type] => instant
    [address_street] => 123, any street
)

2014-06-27T08:51:43+00:00 WARN (4): Invalid IPN Data
2014-11-25T04:41:05+00:00 INFO (6): === Start Processing IPN Data ===
Array
(
    [mc_gross] => 15.00
    [protection_eligibility] => Eligible
    [address_status] => unconfirmed
    [payer_id] => B9DTR2QMPKPDA
    [tax] => 0.00
    [address_street] => 1 Cheeseman Ave - East
    [payment_date] => 20:40:56 Nov 24, 2014 PST
    [payment_status] => Completed
    [charset] => windows-1252
    [address_zip] => 3001
    [first_name] => GaChips
    [mc_fee] => 0.89
    [address_country_code] => AU
    [address_name] => GaChips Vien
    [notify_version] => 3.8
    [custom] => 3
    [payer_status] => verified
    [business] => tristan.abaki@gmail.com
    [address_country] => Australia
    [address_city] => Melbourne
    [quantity] => 1
    [verify_sign] => AE.pCRu8dAgEChKtiAO8IAX666.2A3X8q7WyZqIq3rYFp.roZdAQFXTp
    [payer_email] => chips@gmail.com
    [txn_id] => 23B851235D416410A
    [payment_type] => instant
    [last_name] => Vien
    [address_state] => Victoria
    [receiver_email] => tristan.abaki@gmail.com
    [payment_fee] => 
    [receiver_id] => NQH9SSHB2MTAQ
    [txn_type] => web_accept
    [item_name] => Name | Title | Contact Person resume with Standard CV Profile package
    [mc_currency] => AUD
    [item_number] => resume_39
    [residence_country] => AU
    [test_ipn] => 1
    [handling_amount] => 0.00
    [transaction_subject] => 3
    [payment_gross] => 
    [shipping] => 0.00
    [ipn_track_id] => bc34fa68470a0
)

2014-11-25T04:41:06+00:00 WARN (4): Invalid IPN Data
